# JRE version: OpenJDK Runtime Environment (11.0.5+10) (build 11.0.5+10-b520.38)
# Java VM: OpenJDK 64-Bit Server VM (11.0.5+10-b520.38, mixed mode, sharing, tiered, compressed oops, g1 gc, windows-amd64)
Heap:
 garbage-first heap   total 246784K, used 154420K [0x00000000a0000000, 0x0000000100000000)
  region size 1024K, 58 young (59392K), 12 survivors (12288K)
 Metaspace       used 87432K, capacity 90846K, committed 90920K, reserved 1128448K
  class space    used 11066K, capacity 12183K, committed 12236K, reserved 1048576K
GC Heap History (20 events):
Event: 2460.011 GC heap before
{Heap before GC invocations=182 (full 0):
 garbage-first heap   total 246784K, used 185922K [0x00000000a0000000, 0x0000000100000000)
  region size 1024K, 84 young (86016K), 1 survivors (1024K)
 Metaspace       used 85801K, capacity 89173K, committed 89384K, reserved 1126400K
  class space    used 10907K, capacity 11976K, committed 11980K, reserved 1048576K
}
Event: 2460.024 GC heap after
{Heap after GC invocations=183 (full 0):
 garbage-first heap   total 246784K, used 105907K [0x00000000a0000000, 0x0000000100000000)
  region size 1024K, 5 young (5120K), 5 survivors (5120K)
 Metaspace       used 85801K, capacity 89173K, committed 89384K, reserved 1126400K
  class space    used 10907K, capacity 11976K, committed 11980K, reserved 1048576K
}
Event: 2500.195 GC heap before
{Heap before GC invocations=183 (full 0):
 garbage-first heap   total 246784K, used 192947K [0x00000000a0000000, 0x0000000100000000)
  region size 1024K, 90 young (92160K), 5 survivors (5120K)
 Metaspace       used 86110K, capacity 89472K, committed 89768K, reserved 1126400K
  class space    used 10944K, capacity 12033K, committed 12108K, reserved 1048576K
}
Event: 2500.209 GC heap after
{Heap after GC invocations=184 (full 0):
 garbage-first heap   total 246784K, used 105873K [0x00000000a0000000, 0x0000000100000000)
  region size 1024K, 5 young (5120K), 5 survivors (5120K)
 Metaspace       used 86110K, capacity 89472K, committed 89768K, reserved 1126400K
  class space    used 10944K, capacity 12033K, committed 12108K, reserved 1048576K
}
Event: 2501.964 GC heap before
{Heap before GC invocations=184 (full 0):
 garbage-first heap   total 246784K, used 198033K [0x00000000a0000000, 0x0000000100000000)
  region size 1024K, 95 young (97280K), 5 survivors (5120K)
 Metaspace       used 86119K, capacity 89472K, committed 89768K, reserved 1126400K
  class space    used 10944K, capacity 12033K, committed 12108K, reserved 1048576K
}
Event: 2501.983 GC heap after
{Heap after GC invocations=185 (full 0):
 garbage-first heap   total 246784K, used 111397K [0x00000000a0000000, 0x0000000100000000)
  region size 1024K, 10 young (10240K), 10 survivors (10240K)
 Metaspace       used 86119K, capacity 89472K, committed 89768K, reserved 1126400K
  class space    used 10944K, capacity 12033K, committed 12108K, reserved 1048576K
}
Event: 2505.530 GC heap before
{Heap before GC invocations=185 (full 0):
 garbage-first heap   total 246784K, used 198437K [0x00000000a0000000, 0x0000000100000000)
  region size 1024K, 96 young (98304K), 10 survivors (10240K)
 Metaspace       used 87185K, capacity 90599K, committed 90664K, reserved 1128448K
  class space    used 11062K, capacity 12174K, committed 12236K, reserved 1048576K
}
Event: 2505.548 GC heap after
{Heap after GC invocations=186 (full 0):
 garbage-first heap   total 246784K, used 113003K [0x00000000a0000000, 0x0000000100000000)
  region size 1024K, 8 young (8192K), 8 survivors (8192K)
 Metaspace       used 87185K, capacity 90599K, committed 90664K, reserved 1128448K
  class space    used 11062K, capacity 12174K, committed 12236K, reserved 1048576K
}
Event: 2706.157 GC heap before
{Heap before GC invocations=186 (full 0):
 garbage-first heap   total 246784K, used 201067K [0x00000000a0000000, 0x0000000100000000)
  region size 1024K, 95 young (97280K), 8 survivors (8192K)
 Metaspace       used 87261K, capacity 90651K, committed 90920K, reserved 1128448K
  class space    used 11066K, capacity 12183K, committed 12236K, reserved 1048576K
}
Event: 2706.179 GC heap after
{Heap after GC invocations=187 (full 0):
 garbage-first heap   total 246784K, used 114817K [0x00000000a0000000, 0x0000000100000000)
  region size 1024K, 5 young (5120K), 5 survivors (5120K)
 Metaspace       used 87261K, capacity 90651K, committed 90920K, reserved 1128448K
  class space    used 11066K, capacity 12183K, committed 12236K, reserved 1048576K
}
Event: 2707.842 GC heap before
{Heap before GC invocations=187 (full 0):
 garbage-first heap   total 246784K, used 204929K [0x00000000a0000000, 0x0000000100000000)
  region size 1024K, 92 young (94208K), 5 survivors (5120K)
 Metaspace       used 87263K, capacity 90651K, committed 90920K, reserved 1128448K
  class space    used 11066K, capacity 12183K, committed 12236K, reserved 1048576K
}
Event: 2707.864 GC heap after
{Heap after GC invocations=188 (full 0):
 garbage-first heap   total 246784K, used 124576K [0x00000000a0000000, 0x0000000100000000)
  region size 1024K, 12 young (12288K), 12 survivors (12288K)
 Metaspace       used 87263K, capacity 90651K, committed 90920K, reserved 1128448K
  class space    used 11066K, capacity 12183K, committed 12236K, reserved 1048576K
}
Event: 2708.537 GC heap before
{Heap before GC invocations=188 (full 0):
 garbage-first heap   total 246784K, used 189088K [0x00000000a0000000, 0x0000000100000000)
  region size 1024K, 62 young (63488K), 12 survivors (12288K)
 Metaspace       used 87350K, capacity 90780K, committed 90920K, reserved 1128448K
  class space    used 11066K, capacity 12183K, committed 12236K, reserved 1048576K
}
Event: 2708.564 GC heap after
{Heap after GC invocations=189 (full 0):
 garbage-first heap   total 246784K, used 122129K [0x00000000a0000000, 0x0000000100000000)
  region size 1024K, 3 young (3072K), 3 survivors (3072K)
 Metaspace       used 87350K, capacity 90780K, committed 90920K, reserved 1128448K
  class space    used 11066K, capacity 12183K, committed 12236K, reserved 1048576K
}
Event: 2710.538 GC heap before
{Heap before GC invocations=190 (full 0):
 garbage-first heap   total 246784K, used 175377K [0x00000000a0000000, 0x0000000100000000)
  region size 1024K, 70 young (71680K), 3 survivors (3072K)
 Metaspace       used 87351K, capacity 90780K, committed 90920K, reserved 1128448K
  class space    used 11066K, capacity 12183K, committed 12236K, reserved 1048576K
}
Event: 2710.554 GC heap after
{Heap after GC invocations=191 (full 0):
 garbage-first heap   total 246784K, used 105435K [0x00000000a0000000, 0x0000000100000000)
  region size 1024K, 2 young (2048K), 2 survivors (2048K)
 Metaspace       used 87351K, capacity 90780K, committed 90920K, reserved 1128448K
  class space    used 11066K, capacity 12183K, committed 12236K, reserved 1048576K
}
Event: 2710.650 GC heap before
{Heap before GC invocations=191 (full 0):
 garbage-first heap   total 246784K, used 115675K [0x00000000a0000000, 0x0000000100000000)
  region size 1024K, 12 young (12288K), 2 survivors (2048K)
 Metaspace       used 87351K, capacity 90780K, committed 90920K, reserved 1128448K
  class space    used 11066K, capacity 12183K, committed 12236K, reserved 1048576K
}
Event: 2710.662 GC heap after
{Heap after GC invocations=192 (full 0):
 garbage-first heap   total 246784K, used 89658K [0x00000000a0000000, 0x0000000100000000)
  region size 1024K, 2 young (2048K), 2 survivors (2048K)
 Metaspace       used 87351K, capacity 90780K, committed 90920K, reserved 1128448K
  class space    used 11066K, capacity 12183K, committed 12236K, reserved 1048576K
}
Event: 2780.806 GC heap before
{Heap before GC invocations=192 (full 0):
 garbage-first heap   total 246784K, used 176698K [0x00000000a0000000, 0x0000000100000000)
  region size 1024K, 88 young (90112K), 2 survivors (2048K)
 Metaspace       used 87421K, capacity 90846K, committed 90920K, reserved 1128448K
  class space    used 11066K, capacity 12183K, committed 12236K, reserved 1048576K
}
Event: 2781.808 GC heap after
{Heap after GC invocations=193 (full 0):
 garbage-first heap   total 246784K, used 96320K [0x00000000a0000000, 0x0000000100000000)
  region size 1024K, 8 young (8192K), 8 survivors (8192K)
 Metaspace       used 87421K, capacity 90846K, committed 90920K, reserved 1128448K
  class space    used 11066K, capacity 12183K, committed 12236K, reserved 1048576K
}

